{"level":"info","message":"Connection to MongoDB dddd .. class MongooseError extends Error { }"}
{"level":"info","message":"Connection to MongoDB dddd .. class MongooseError extends Error { }"}
{"level":"info","message":"Connection to MongoDB dddd .. class MongooseError extends Error { }"}
{"level":"info","message":"Connection to MongoDB dddd .. class MongooseError extends Error { }"}
{"level":"info","message":"Connection to MongoDB .. class MongooseError extends Error { }"}
{"level":"info","message":"Connection to MongoDB .. class MongooseError extends Error { }"}
{"level":"info","message":"Connection to MongoDB .. class MongooseError extends Error { }"}
{"level":"info","message":"Connection to MongoDB .. class MongooseError extends Error { }"}
{"level":"info","message":"Connection to MongoDB .. class MongooseError extends Error { }"}
{"level":"info","message":"Connection to MongoDB .. class MongooseError extends Error { }"}
{"level":"info","message":"Connection to MongoDB .. class MongooseError extends Error { }"}
{"level":"info","message":"Connection to MongoDB .. class MongooseError extends Error { }"}
{"level":"info","message":"Connection to MongoDB .. class MongooseError extends Error { }"}
{"level":"info","message":"Connection to MongoDB .. class MongooseError extends Error { }"}
{"level":"info","message":"Connection to MongoDB .. class MongooseError extends Error { }"}
{"level":"info","message":"Connection to MongoDB .. class MongooseError extends Error { }"}
{"level":"info","message":"Connection to MongoDB .. class MongooseError extends Error { }"}
{"level":"info","message":"Connection to MongoDB .. class MongooseError extends Error { }"}
{"level":"info","message":"Connection to MongoDB .. class MongooseError extends Error { }"}
{"level":"info","message":"Connection to MongoDB .. class MongooseError extends Error { }"}
{"level":"info","message":"Connection to MongoDB .. class MongooseError extends Error { }"}
{"level":"info","message":"Connection to MongoDB .. class MongooseError extends Error { }"}
{"level":"info","message":"Connection to MongoDB .. class MongooseError extends Error { }"}
{"level":"info","message":"Connection to MongoDB .. class MongooseError extends Error { }"}
{"level":"info","message":"Connection to MongoDB .. class MongooseError extends Error { }"}
{"level":"info","message":"Connection to MongoDB .. class MongooseError extends Error { }"}
{"level":"info","message":"Connection to MongoDB .. class MongooseError extends Error { }"}
{"level":"info","message":"Connection to MongoDB .. class MongooseError extends Error { }"}
{"level":"info","message":"Connection to MongoDB .. class MongooseError extends Error { }"}
{"level":"info","message":"Connection to MongoDB .. class MongooseError extends Error { }"}
{"level":"info","message":"Connection to MongoDB .. class MongooseError extends Error { }"}
{"level":"info","message":"Connection to MongoDB .. class MongooseError extends Error { }"}
{"level":"info","message":"Connection to MongoDB .. class MongooseError extends Error { }"}
{"level":"info","message":"Connection to MongoDB .. class MongooseError extends Error { }"}
{"level":"info","message":"Connection to MongoDB .. class MongooseError extends Error { }"}
{"level":"info","message":"Connection to MongoDB .. class MongooseError extends Error { }"}
{"level":"info","message":"Connection to MongoDB .. class MongooseError extends Error { }"}
{"level":"info","message":"Connection to MongoDB .. class MongooseError extends Error { }"}
{"level":"info","message":"Connection to MongoDB .. class MongooseError extends Error { }"}
{"level":"info","message":"Connection to MongoDB .. class MongooseError extends Error { }"}
{"level":"info","message":"Connection to MongoDB .. class MongooseError extends Error { }"}
{"level":"info","message":"Connection to MongoDB .. class MongooseError extends Error { }"}
{"level":"info","message":"Connection to MongoDB .. class MongooseError extends Error { }"}
{"level":"info","message":"Connection to MongoDB .. class MongooseError extends Error { }"}
{"level":"info","message":"Connection to MongoDB .. class MongooseError extends Error { }"}
{"level":"info","message":"Connection to MongoDB .. class MongooseError extends Error { }"}
{"level":"info","message":"Connection to MongoDB .. class MongooseError extends Error { }"}
{"level":"info","message":"Connection to MongoDB .. class MongooseError extends Error { }"}
{"level":"info","message":"Connection to MongoDB .. class MongooseError extends Error { }"}
{"level":"info","message":"Connection to MongoDB .. class MongooseError extends Error { }"}
{"level":"info","message":"Connection to MongoDB .. class MongooseError extends Error { }"}
{"level":"info","message":"Connection to MongoDB .. class MongooseError extends Error { }"}
{"level":"info","message":"Connection to MongoDB .. class MongooseError extends Error { }"}
{"level":"info","message":"Connection to MongoDB .. class MongooseError extends Error { }"}
{"level":"info","message":"Connection to MongoDB .. class MongooseError extends Error { }"}
{"level":"info","message":"Connection to MongoDB .. class MongooseError extends Error { }"}
{"level":"info","message":"Connection to MongoDB .. class MongooseError extends Error { }"}
{"level":"info","message":"Connection to MongoDB .. class MongooseError extends Error { }"}
{"level":"info","message":"Connection to MongoDB .. class MongooseError extends Error { }"}
{"level":"info","message":"Connection to MongoDB .. class MongooseError extends Error { }"}
{"level":"info","message":"Connection to MongoDB .. class MongooseError extends Error { }"}
{"level":"info","message":"Connection to MongoDB .. class MongooseError extends Error { }"}
{"level":"info","message":"Connection to MongoDB .. class MongooseError extends Error { }"}
{"level":"info","message":"Connection to MongoDB .. class MongooseError extends Error { }"}
{"level":"info","message":"Connection to MongoDB .. class MongooseError extends Error { }"}
{"level":"info","message":"Connection to MongoDB .. class MongooseError extends Error { }"}
{"level":"info","message":"Connection to MongoDB .. class MongooseError extends Error { }"}
{"level":"info","message":"Connection to MongoDB .. class MongooseError extends Error { }"}
{"level":"info","message":"Connection to MongoDB .. class MongooseError extends Error { }"}
{"level":"info","message":"Connection to MongoDB .. class MongooseError extends Error { }"}
{"level":"info","message":"Connection to MongoDB .. class MongooseError extends Error { }"}
{"level":"info","message":"Connection to MongoDB .. class MongooseError extends Error { }"}
{"level":"info","message":"Connection to MongoDB .. class MongooseError extends Error { }"}
{"level":"info","message":"Connection to MongoDB .. class MongooseError extends Error { }"}
{"level":"info","message":"Connection to MongoDB .. class MongooseError extends Error { }"}
{"level":"info","message":"Connection to MongoDB .. class MongooseError extends Error { }"}
{"level":"info","message":"Connection to MongoDB .. class MongooseError extends Error { }"}
{"level":"info","message":"Connection to MongoDB .. class MongooseError extends Error { }"}
{"level":"info","message":"Connection to MongoDB .. class MongooseError extends Error { }"}
{"level":"info","message":"Connection to MongoDB .. class MongooseError extends Error { }"}
{"level":"info","message":"Connection to MongoDB .. class MongooseError extends Error { }"}
{"level":"info","message":"Connection to MongoDB .. class MongooseError extends Error { }"}
{"level":"info","message":"Connection to MongoDB .. class MongooseError extends Error { }"}
{"level":"info","message":"Connection to MongoDB .. class MongooseError extends Error { }"}
{"level":"info","message":"Connection to MongoDB .. class MongooseError extends Error { }"}
{"level":"info","message":"Connection to MongoDB .. class MongooseError extends Error { }"}
{"level":"info","message":"Connection to MongoDB .. class MongooseError extends Error { }"}
{"level":"info","message":"Connection to MongoDB .. class MongooseError extends Error { }"}
{"level":"info","message":"Connection to MongoDB .. class MongooseError extends Error { }"}
{"level":"info","message":"Connection to MongoDB .. class MongooseError extends Error { }"}
{"level":"info","message":"Connection to MongoDB .. class MongooseError extends Error { }"}
{"level":"info","message":"Connection to MongoDB .. class MongooseError extends Error { }"}
{"level":"info","message":"Connection to MongoDB .. class MongooseError extends Error { }"}
{"level":"info","message":"Connection to MongoDB .. class MongooseError extends Error { }"}
{"level":"info","message":"Connection to MongoDB .. class MongooseError extends Error { }"}
{"level":"info","message":"Connection to MongoDB .. class MongooseError extends Error { }"}
{"level":"info","message":"Connection to MongoDB .. class MongooseError extends Error { }"}
{"level":"info","message":"Connection to MongoDB .. class MongooseError extends Error { }"}
{"level":"info","message":"Connection to MongoDB .. class MongooseError extends Error { }"}
{"level":"info","message":"Connection to MongoDB .. class MongooseError extends Error { }"}
{"level":"info","message":"Connection to MongoDB .. class MongooseError extends Error { }"}
{"level":"info","message":"Connection to MongoDB .. class MongooseError extends Error { }"}
{"level":"info","message":"Connection to MongoDB .. class MongooseError extends Error { }"}
{"level":"info","message":"Connection to MongoDB .. class MongooseError extends Error { }"}
{"level":"info","message":"Connection to MongoDB .. class MongooseError extends Error { }"}
{"level":"info","message":"Connection to MongoDB .. class MongooseError extends Error { }"}
{"level":"info","message":"Connection to MongoDB .. class MongooseError extends Error { }"}
{"level":"info","message":"Connection to MongoDB .. class MongooseError extends Error { }"}
{"level":"info","message":"Connection to MongoDB .. class MongooseError extends Error { }"}
{"level":"info","message":"Connection to MongoDB .. class MongooseError extends Error { }"}
{"level":"info","message":"Connection to MongoDB .. class MongooseError extends Error { }"}
{"level":"info","message":"Connection to MongoDB .. class MongooseError extends Error { }"}
{"level":"info","message":"Connection to MongoDB .. class MongooseError extends Error { }"}
{"level":"info","message":"Connection to MongoDB .. class MongooseError extends Error { }"}
{"level":"info","message":"Connection to MongoDB .. class MongooseError extends Error { }"}
{"level":"info","message":"Connection to MongoDB .. class MongooseError extends Error { }"}
{"level":"info","message":"Connection to MongoDB .. class MongooseError extends Error { }"}
{"level":"info","message":"Connection to MongoDB .. class MongooseError extends Error { }"}
{"level":"info","message":"Connection to MongoDB .. class MongooseError extends Error { }"}
{"level":"info","message":"Connection to MongoDB .. class MongooseError extends Error { }"}
{"level":"info","message":"Connection to MongoDB .. class MongooseError extends Error { }"}
{"level":"info","message":"Connection to MongoDB .. class MongooseError extends Error { }"}
{"level":"info","message":"Connection to MongoDB .. class MongooseError extends Error { }"}
{"level":"info","message":"Connection to MongoDB .. class MongooseError extends Error { }"}
{"level":"info","message":"Connection to MongoDB .. class MongooseError extends Error { }"}
{"level":"info","message":"Connection to MongoDB .. class MongooseError extends Error { }"}
{"level":"info","message":"Connection to MongoDB .. class MongooseError extends Error { }"}
{"level":"info","message":"Connection to MongoDB .. class MongooseError extends Error { }"}
{"level":"info","message":"Connection to MongoDB .. class MongooseError extends Error { }"}
{"level":"info","message":"Connection to MongoDB .. class MongooseError extends Error { }"}
{"level":"info","message":"Connection to MongoDB .. class MongooseError extends Error { }"}
{"level":"info","message":"Connection to MongoDB .. class MongooseError extends Error { }"}
{"level":"info","message":"Connection to MongoDB .. class MongooseError extends Error { }"}
{"level":"info","message":"Connection to MongoDB .. class MongooseError extends Error { }"}
{"level":"info","message":"Connection to MongoDB .. class MongooseError extends Error { }"}
{"level":"info","message":"Connection to MongoDB .. class MongooseError extends Error { }"}
{"level":"info","message":"Connection to MongoDB .. class MongooseError extends Error { }"}
{"level":"info","message":"Connection to MongoDB .. class MongooseError extends Error { }"}
{"level":"info","message":"Connection to MongoDB .. class MongooseError extends Error { }"}
{"level":"info","message":"Connection to MongoDB .. class MongooseError extends Error { }"}
{"level":"info","message":"Connection to MongoDB .. class MongooseError extends Error { }"}
{"level":"info","message":"Connection to MongoDB .. class MongooseError extends Error { }"}
{"level":"info","message":"Connection to MongoDB .. class MongooseError extends Error { }"}
{"level":"info","message":"Connection to MongoDB .. class MongooseError extends Error { }"}
{"level":"info","message":"Connection to MongoDB .. class MongooseError extends Error { }"}
{"level":"info","message":"Connection to MongoDB .. class MongooseError extends Error { }"}
{"level":"info","message":"Connection to MongoDB .. class MongooseError extends Error { }"}
{"level":"info","message":"Connection to MongoDB .. class MongooseError extends Error { }"}
{"level":"info","message":"Connection to MongoDB .. class MongooseError extends Error { }"}
{"level":"info","message":"Connection to MongoDB .. class MongooseError extends Error { }"}
{"level":"info","message":"Connection to MongoDB .. class MongooseError extends Error { }"}
{"level":"info","message":"Connection to MongoDB .. class MongooseError extends Error { }"}
{"level":"info","message":"Connection to MongoDB .. class MongooseError extends Error { }"}
{"level":"info","message":"Connection to MongoDB .. class MongooseError extends Error { }"}
{"level":"info","message":"Connection to MongoDB .. class MongooseError extends Error { }"}
{"level":"info","message":"Connection to MongoDB .. class MongooseError extends Error { }"}
{"level":"info","message":"Connection to MongoDB .. class MongooseError extends Error { }"}
{"level":"info","message":"Connection to MongoDB .. class MongooseError extends Error { }"}
{"level":"info","message":"Connection to MongoDB .. class MongooseError extends Error { }"}
{"level":"info","message":"Connection to MongoDB .. class MongooseError extends Error { }"}
{"level":"info","message":"Connection to MongoDB .. class MongooseError extends Error { }"}
{"level":"info","message":"Connection to MongoDB .. class MongooseError extends Error { }"}
{"level":"info","message":"Connection to MongoDB .. class MongooseError extends Error { }"}
{"level":"info","message":"Connection to MongoDB .. class MongooseError extends Error { }"}
{"level":"info","message":"Connection to MongoDB .. class MongooseError extends Error { }"}
{"level":"info","message":"Connection to MongoDB .. class MongooseError extends Error { }"}
{"level":"info","message":"Connection to MongoDB .. class MongooseError extends Error { }"}
{"level":"info","message":"Connection to MongoDB .. class MongooseError extends Error { }"}
{"level":"info","message":"Connection to MongoDB .. class MongooseError extends Error { }"}
{"level":"info","message":"Connection to MongoDB .. class MongooseError extends Error { }"}
{"level":"info","message":"Connection to MongoDB .. class MongooseError extends Error { }"}
{"level":"info","message":"Connection to MongoDB .. class MongooseError extends Error { }"}
{"level":"info","message":"Connection to MongoDB .. class MongooseError extends Error { }"}
{"level":"info","message":"Connection to MongoDB .. class MongooseError extends Error { }"}
{"level":"info","message":"Connection to MongoDB .. class MongooseError extends Error { }"}
{"level":"info","message":"Connection to MongoDB .. class MongooseError extends Error { }"}
{"level":"info","message":"Connection to MongoDB .. class MongooseError extends Error { }"}
{"level":"info","message":"Connection to MongoDB .. class MongooseError extends Error { }"}
{"level":"info","message":"Connection to MongoDB .. class MongooseError extends Error { }"}
{"level":"info","message":"Connection to MongoDB .. class MongooseError extends Error { }"}
{"level":"info","message":"Connection to MongoDB .. class MongooseError extends Error { }"}
{"level":"info","message":"Connection to MongoDB .. class MongooseError extends Error { }"}
{"level":"info","message":"Connection to MongoDB .. class MongooseError extends Error { }"}
{"level":"info","message":"Connection to MongoDB .. class MongooseError extends Error { }"}
{"level":"info","message":"Connection to MongoDB .. class MongooseError extends Error { }"}
{"level":"info","message":"Connection to MongoDB .. class MongooseError extends Error { }"}
{"level":"info","message":"Connection to MongoDB .. class MongooseError extends Error { }"}
{"level":"info","message":"Connection to MongoDB .. class MongooseError extends Error { }"}
{"level":"info","message":"Connection to MongoDB .. class MongooseError extends Error { }"}
{"level":"info","message":"Connection to MongoDB .. class MongooseError extends Error { }"}
{"level":"info","message":"Connection to MongoDB .. class MongooseError extends Error { }"}
{"level":"info","message":"Connection to MongoDB .. class MongooseError extends Error { }"}
{"level":"info","message":"Connection to MongoDB .. class MongooseError extends Error { }"}
{"level":"info","message":"Connection to MongoDB .. class MongooseError extends Error { }"}
{"level":"info","message":"Connection to MongoDB .. class MongooseError extends Error { }"}
{"level":"info","message":"Connection to MongoDB .. class MongooseError extends Error { }"}
{"level":"info","message":"Connection to MongoDB .. class MongooseError extends Error { }"}
{"level":"info","message":"Connection to MongoDB .. class MongooseError extends Error { }"}
{"level":"info","message":"Connection to MongoDB .. class MongooseError extends Error { }"}
{"level":"info","message":"Connection to MongoDB .. class MongooseError extends Error { }"}
{"level":"info","message":"Connection to MongoDB .. class MongooseError extends Error { }"}
{"level":"info","message":"Connection to MongoDB .. class MongooseError extends Error { }"}
{"level":"info","message":"Connection to MongoDB .. class MongooseError extends Error { }"}
{"level":"info","message":"Connection to MongoDB .. class MongooseError extends Error { }"}
{"level":"info","message":"Connection to MongoDB .. class MongooseError extends Error { }"}
{"level":"info","message":"Connection to MongoDB .. class MongooseError extends Error { }"}
{"level":"info","message":"Connection to MongoDB .. class MongooseError extends Error { }"}
{"level":"info","message":"Connection to MongoDB .. class MongooseError extends Error { }"}
{"level":"info","message":"Connection to MongoDB .. class MongooseError extends Error { }"}
{"level":"info","message":"Connection to MongoDB .. class MongooseError extends Error { }"}
{"level":"info","message":"Connection to MongoDB .. class MongooseError extends Error { }"}
{"level":"info","message":"Connection to MongoDB .. class MongooseError extends Error { }"}
{"level":"info","message":"Connection to MongoDB .. class MongooseError extends Error { }"}
{"level":"info","message":"Connection to MongoDB .. class MongooseError extends Error { }"}
{"level":"info","message":"Connection to MongoDB .. class MongooseError extends Error { }"}
{"level":"info","message":"Connection to MongoDB .. class MongooseError extends Error { }"}
{"level":"info","message":"Connection to MongoDB .. class MongooseError extends Error { }"}
{"level":"info","message":"Connection to MongoDB .. class MongooseError extends Error { }"}
{"level":"info","message":"Connection to MongoDB .. class MongooseError extends Error { }"}
{"level":"info","message":"Connection to MongoDB .. class MongooseError extends Error { }"}
{"level":"info","message":"Connection to MongoDB .. class MongooseError extends Error { }"}
{"level":"info","message":"Connection to MongoDB .. class MongooseError extends Error { }"}
{"level":"info","message":"Connection to MongoDB .. class MongooseError extends Error { }"}
{"level":"info","message":"Connection to MongoDB .. class MongooseError extends Error { }"}
{"level":"info","message":"Connection to MongoDB .. class MongooseError extends Error { }"}
{"level":"info","message":"Connection to MongoDB .. class MongooseError extends Error { }"}
{"level":"info","message":"Connection to MongoDB .. class MongooseError extends Error { }"}
{"level":"info","message":"Connection to MongoDB .. class MongooseError extends Error { }"}
{"level":"info","message":"Connection to MongoDB .. class MongooseError extends Error { }"}
{"level":"info","message":"Connection to MongoDB .. class MongooseError extends Error { }"}
{"level":"info","message":"Connection to MongoDB .. class MongooseError extends Error { }"}
{"level":"info","message":"Connection to MongoDB .. class MongooseError extends Error { }"}
{"level":"info","message":"Connection to MongoDB .. class MongooseError extends Error { }"}
{"level":"info","message":"Connection to MongoDB .. class MongooseError extends Error { }"}
{"level":"info","message":"Connection to MongoDB .. class MongooseError extends Error { }"}
{"level":"info","message":"Connection to MongoDB .. class MongooseError extends Error { }"}
{"level":"info","message":"Connection to MongoDB .. class MongooseError extends Error { }"}
{"level":"info","message":"Connection to MongoDB .. class MongooseError extends Error { }"}
{"level":"info","message":"Connection to MongoDB .. class MongooseError extends Error { }"}
{"level":"info","message":"Connection to MongoDB .. class MongooseError extends Error { }"}
{"level":"info","message":"Connection to MongoDB .. class MongooseError extends Error { }"}
{"level":"info","message":"Connection to MongoDB .. class MongooseError extends Error { }"}
{"level":"info","message":"Connection to MongoDB .. class MongooseError extends Error { }"}
{"level":"info","message":"Connection to MongoDB .. class MongooseError extends Error { }"}
{"level":"info","message":"Connection to MongoDB .. class MongooseError extends Error { }"}
{"level":"info","message":"Connection to MongoDB .. class MongooseError extends Error { }"}
{"level":"info","message":"Connection to MongoDB .. class MongooseError extends Error { }"}
{"level":"info","message":"Connection to MongoDB .. class MongooseError extends Error { }"}
{"level":"info","message":"Connection to MongoDB .. class MongooseError extends Error { }"}
{"level":"info","message":"Connection to MongoDB .. class MongooseError extends Error { }"}
{"level":"info","message":"Connection to MongoDB .. class MongooseError extends Error { }"}
{"level":"info","message":"Connection to MongoDB .. class MongooseError extends Error { }"}
{"level":"info","message":"Connection to MongoDB .. class MongooseError extends Error { }"}
{"level":"info","message":"Connection to MongoDB .. class MongooseError extends Error { }"}
{"level":"info","message":"Connection to MongoDB .. class MongooseError extends Error { }"}
{"level":"info","message":"Connection to MongoDB .. class MongooseError extends Error { }"}
{"level":"info","message":"Connection to MongoDB .. class MongooseError extends Error { }"}
{"level":"info","message":"Connection to MongoDB .. class MongooseError extends Error { }"}
{"level":"info","message":"Connection to MongoDB .. class MongooseError extends Error { }"}
{"level":"info","message":"Connection to MongoDB .. class MongooseError extends Error { }"}
{"level":"info","message":"Connection to MongoDB .. class MongooseError extends Error { }"}
{"level":"info","message":"Connection to MongoDB .. class MongooseError extends Error { }"}
{"level":"info","message":"Connection to MongoDB .. class MongooseError extends Error { }"}
{"level":"info","message":"Connection to MongoDB .. class MongooseError extends Error { }"}
{"level":"info","message":"Connection to MongoDB .. class MongooseError extends Error { }"}
{"level":"info","message":"Connection to MongoDB .. class MongooseError extends Error { }"}
{"level":"info","message":"Connection to MongoDB .. class MongooseError extends Error { }"}
{"level":"info","message":"Connection to MongoDB .. class MongooseError extends Error { }"}
{"level":"info","message":"Connection to MongoDB .. class MongooseError extends Error { }"}
{"level":"info","message":"Connection to MongoDB .. class MongooseError extends Error { }"}
{"level":"info","message":"Connection to MongoDB .. class MongooseError extends Error { }"}
{"level":"info","message":"Connection to MongoDB .. class MongooseError extends Error { }"}
{"level":"info","message":"Connection to MongoDB .. class MongooseError extends Error { }"}
{"level":"info","message":"Connection to MongoDB .. class MongooseError extends Error { }"}
{"level":"info","message":"Connection to MongoDB .. class MongooseError extends Error { }"}
{"level":"info","message":"Connection to MongoDB .. class MongooseError extends Error { }"}
{"level":"info","message":"Connection to MongoDB .. class MongooseError extends Error { }"}
{"level":"info","message":"Connection to MongoDB .. class MongooseError extends Error { }"}
{"level":"info","message":"Connection to MongoDB .. class MongooseError extends Error { }"}
{"level":"info","message":"Connection to MongoDB .. class MongooseError extends Error { }"}
{"level":"info","message":"Connection to MongoDB .. class MongooseError extends Error { }"}
{"level":"info","message":"Connection to MongoDB .. class MongooseError extends Error { }"}
{"level":"info","message":"Connection to MongoDB .. class MongooseError extends Error { }"}
{"level":"info","message":"Connection to MongoDB .. class MongooseError extends Error { }"}
{"level":"info","message":"Connection to MongoDB .. class MongooseError extends Error { }"}
{"level":"info","message":"Connection to MongoDB .. class MongooseError extends Error { }"}
{"level":"info","message":"Connection to MongoDB .. class MongooseError extends Error { }"}
{"level":"info","message":"Connection to MongoDB .. class MongooseError extends Error { }"}
{"level":"info","message":"Connection to MongoDB .. class MongooseError extends Error { }"}
{"level":"info","message":"Connection to MongoDB .. class MongooseError extends Error { }"}
{"level":"info","message":"Connection to MongoDB .. class MongooseError extends Error { }"}
{"level":"info","message":"Connection to MongoDB .. class MongooseError extends Error { }"}
{"level":"info","message":"Connection to MongoDB .. class MongooseError extends Error { }"}
{"level":"info","message":"Connection to MongoDB .. class MongooseError extends Error { }"}
{"level":"info","message":"Connection to MongoDB .. class MongooseError extends Error { }"}
{"level":"info","message":"Connection to MongoDB .. class MongooseError extends Error { }"}
{"level":"info","message":"Connection to MongoDB .. class MongooseError extends Error { }"}
{"level":"info","message":"Connection to MongoDB .. class MongooseError extends Error { }"}
{"level":"info","message":"Connection to MongoDB .. class MongooseError extends Error { }"}
{"level":"info","message":"Connection to MongoDB .. class MongooseError extends Error { }"}
{"level":"info","message":"Connection to MongoDB .. class MongooseError extends Error { }"}
{"level":"info","message":"Connection to MongoDB .. class MongooseError extends Error { }"}
{"level":"info","message":"Connection to MongoDB .. class MongooseError extends Error { }"}
{"level":"info","message":"Connection to MongoDB .. class MongooseError extends Error { }"}
{"level":"info","message":"Connection to MongoDB .. class MongooseError extends Error { }"}
{"level":"info","message":"Connection to MongoDB .. class MongooseError extends Error { }"}
{"level":"info","message":"Connection to MongoDB .. class MongooseError extends Error { }"}
{"level":"info","message":"Connection to MongoDB .. class MongooseError extends Error { }"}
{"level":"info","message":"Connection to MongoDB .. class MongooseError extends Error { }"}
{"level":"info","message":"Connection to MongoDB .. class MongooseError extends Error { }"}
{"level":"info","message":"Connection to MongoDB .. class MongooseError extends Error { }"}
{"level":"info","message":"Connection to MongoDB .. class MongooseError extends Error { }"}
{"level":"info","message":"Connection to MongoDB .. class MongooseError extends Error { }"}
{"level":"info","message":"Connection to MongoDB .. class MongooseError extends Error { }"}
{"level":"info","message":"Connection to MongoDB .. class MongooseError extends Error { }"}
{"level":"info","message":"Connection to MongoDB .. class MongooseError extends Error { }"}
{"level":"info","message":"Connection to MongoDB .. class MongooseError extends Error { }"}
{"level":"info","message":"Connection to MongoDB .. class MongooseError extends Error { }"}
{"level":"info","message":"Connection to MongoDB .. class MongooseError extends Error { }"}
{"level":"info","message":"Connection to MongoDB .. class MongooseError extends Error { }"}
{"level":"info","message":"Connection to MongoDB .. class MongooseError extends Error { }"}
{"level":"info","message":"Connection to MongoDB .. class MongooseError extends Error { }"}
{"level":"info","message":"Connection to MongoDB .. class MongooseError extends Error { }"}
{"level":"info","message":"Connection to MongoDB .. class MongooseError extends Error { }"}
{"level":"info","message":"Connection to MongoDB .. class MongooseError extends Error { }"}
{"level":"info","message":"Connection to MongoDB .. class MongooseError extends Error { }"}
{"level":"info","message":"Connection to MongoDB .. class MongooseError extends Error { }"}
{"level":"info","message":"Connection to MongoDB .. class MongooseError extends Error { }"}
{"level":"info","message":"Connection to MongoDB .. class MongooseError extends Error { }"}
{"level":"info","message":"Connection to MongoDB .. class MongooseError extends Error { }"}
{"level":"info","message":"Connection to MongoDB .. class MongooseError extends Error { }"}
{"level":"info","message":"Connection to MongoDB .. class MongooseError extends Error { }"}
{"level":"info","message":"Connection to MongoDB .. class MongooseError extends Error { }"}
{"level":"info","message":"Connection to MongoDB .. class MongooseError extends Error { }"}
{"level":"info","message":"Connection to MongoDB .. class MongooseError extends Error { }"}
{"level":"info","message":"Connection to MongoDB .. class MongooseError extends Error { }"}
{"level":"info","message":"Connection to MongoDB .. class MongooseError extends Error { }"}
{"level":"info","message":"Connection to MongoDB .. class MongooseError extends Error { }"}
{"level":"info","message":"Connection to MongoDB .. class MongooseError extends Error { }"}
{"level":"info","message":"Connection to MongoDB .. class MongooseError extends Error { }"}
{"level":"info","message":"Connection to MongoDB .. class MongooseError extends Error { }"}
{"level":"info","message":"Connection to MongoDB .. class MongooseError extends Error { }"}
{"level":"info","message":"Connection to MongoDB .. class MongooseError extends Error { }"}
{"level":"info","message":"Connection to MongoDB .. class MongooseError extends Error { }"}
{"level":"info","message":"Connection to MongoDB .. class MongooseError extends Error { }"}
{"level":"info","message":"Connection to MongoDB .. class MongooseError extends Error { }"}
{"level":"info","message":"Connection to MongoDB .. class MongooseError extends Error { }"}
{"level":"info","message":"Connection to MongoDB .. class MongooseError extends Error { }"}
{"level":"info","message":"Connection to MongoDB .. class MongooseError extends Error { }"}
{"level":"info","message":"Connection to MongoDB .. class MongooseError extends Error { }"}
{"level":"info","message":"Connection to MongoDB .. class MongooseError extends Error { }"}
{"level":"info","message":"Connection to MongoDB .. class MongooseError extends Error { }"}
{"level":"info","message":"Connection to MongoDB .. [object Object]"}
{"level":"info","message":"Connection to MongoDB .. function Aggregate(pipeline, model) {\n  this._pipeline = [];\n  this._model = model;\n  this.options = {};\n\n  if (arguments.length === 1 && util.isArray(pipeline)) {\n    this.append.apply(this, pipeline);\n  }\n}"}
{"level":"info","message":"Connection to MongoDB .. function NativeConnection() {\n  MongooseConnection.apply(this, arguments);\n  this._listening = false;\n}"}
{"level":"info","message":"Connection to MongoDB .. function Schema(obj, options) {\n  if (!(this instanceof Schema)) {\n    return new Schema(obj, options);\n  }\n\n  this.obj = obj;\n  this.paths = {};\n  this.aliases = {};\n  this.subpaths = {};\n  this.virtuals = {};\n  this.singleNestedPaths = {};\n  this.nested = {};\n  this.inherits = {};\n  this.callQueue = [];\n  this._indexes = [];\n  this.methods = {};\n  this.methodOptions = {};\n  this.statics = {};\n  this.tree = {};\n  this.query = {};\n  this.childSchemas = [];\n  this.plugins = [];\n  // For internal debugging. Do not use this to try to save a schema in MDB.\n  this.$id = ++id;\n  this.mapPaths = [];\n\n  this.s = {\n    hooks: new Kareem()\n  };\n\n  this.options = this.defaultOptions(options);\n\n  // build paths\n  if (Array.isArray(obj)) {\n    for (const definition of obj) {\n      this.add(definition);\n    }\n  } else if (obj) {\n    this.add(obj);\n  }\n\n  // check if _id's value is a subdocument (gh-2276)\n  const _idSubDoc = obj && obj._id && utils.isObject(obj._id);\n\n  // ensure the documents get an auto _id unless disabled\n  const auto_id = !this.paths['_id'] &&\n      (this.options._id) && !_idSubDoc;\n\n  if (auto_id) {\n    addAutoId(this);\n  }\n\n  this.setupTimestamp(this.options.timestamps);\n}"}
{"level":"info","message":"Connection to MongoDB .. class MongooseError extends Error { }"}
{"level":"info","message":"Connection to MongoDB .. class MongooseError extends Error { }"}
{"level":"info","message":"Connection to MongoDB .. class MongooseError extends Error { }"}
{"level":"info","message":"Connection to MongoDB .. class MongooseError extends Error { }"}
{"level":"info","message":"Connection to MongoDB .. class MongooseError extends Error { }"}
{"level":"info","message":"Connection to MongoDB .. class MongooseError extends Error { }"}
{"level":"info","message":"Connection to MongoDB .. class MongooseError extends Error { }"}
{"body":"{\r\n  \"name\": \"Hot\",\r\n  \"email\": \"hotaa22@gmail.com\",\r\n  \"phone\": \"051262738\"  ,\r\n  \"password\": \"1234567\"  ,\r\n  \"aboutCompany\": \"1234567\"  ,\r\n  \"aboutCompanyEn\": \"1234567\"  ,\r\n  \"typeCompany\": \"1\"  ,\r\n \r\n}","expose":true,"level":"error","message":"Unexpected token } in JSON at position 203 Unexpected token } in JSON at position 203","stack":"SyntaxError: Unexpected token } in JSON at position 203\n    at JSON.parse (<anonymous>)\n    at parse (D:\\nodeJs Project\\event_api\\node_modules\\body-parser\\lib\\types\\json.js:89:19)\n    at D:\\nodeJs Project\\event_api\\node_modules\\body-parser\\lib\\read.js:121:18\n    at invokeCallback (D:\\nodeJs Project\\event_api\\node_modules\\raw-body\\index.js:224:16)\n    at done (D:\\nodeJs Project\\event_api\\node_modules\\raw-body\\index.js:213:7)\n    at IncomingMessage.onEnd (D:\\nodeJs Project\\event_api\\node_modules\\raw-body\\index.js:273:7)\n    at IncomingMessage.emit (node:events:513:28)\n    at endReadableNT (node:internal/streams/readable:1359:12)\n    at process.processTicksAndRejections (node:internal/process/task_queues:82:21)","status":400,"statusCode":400,"type":"entity.parse.failed"}
{"level":"info","message":"Connection to MongoDB .. class MongooseError extends Error { }"}
{"level":"info","message":"Connection to MongoDB .. class MongooseError extends Error { }"}
{"level":"info","message":"Connection to MongoDB .. class MongooseError extends Error { }"}
